<?xml version="1.0" encoding="UTF-8"?>
<!-- Generated by org.testng.reporters.JUnitReportReporter -->
<testsuite hostname="DESKTOP-5AC48M5" failures="0" tests="4" name="testngbasic.Example" time="0.016" errors="0" timestamp="2023-09-16T12:53:20 IST" skipped="0">
  <testcase classname="testngbasic.Example" name="contact1" time="0.003"/>
  <testcase classname="testngbasic.Example" name="login" time="0.005"/>
  <testcase classname="testngbasic.Example" name="home" time="0.003"/>
  <testcase classname="testngbasic.Example" name="contact" time="0.005"/>
</testsuite> <!-- testngbasic.Example -->
