<?xml version="1.0" encoding="UTF-8"?>
<!-- Generated by org.testng.reporters.JUnitReportReporter -->
<testsuite hostname="DESKTOP-5AC48M5" failures="0" tests="7" name="testngbasic.Example1" time="0.071" errors="0" timestamp="2023-09-16T12:53:20 IST" skipped="0">
  <testcase classname="testngbasic.Example1" name="home" time="0.007"/>
  <testcase classname="testngbasic.Example1" name="home" time="0.007"/>
  <testcase classname="testngbasic.Example1" name="home" time="0.010"/>
  <testcase classname="testngbasic.Example1" name="contact" time="0.009"/>
  <testcase classname="testngbasic.Example1" name="home" time="0.025"/>
  <testcase classname="testngbasic.Example1" name="home" time="0.003"/>
  <testcase classname="testngbasic.Example1" name="login" time="0.010"/>
</testsuite> <!-- testngbasic.Example1 -->
