<?xml version="1.0" encoding="UTF-8"?>
<!-- Generated by org.testng.reporters.JUnitReportReporter -->
<testsuite hostname="DESKTOP-5AC48M5" failures="0" tests="1" name="pagelayer.Example1" time="0.005" errors="0" timestamp="2023-09-16T12:53:20 IST" skipped="0">
  <testcase classname="pagelayer.Example1" name="test1" time="0.005"/>
</testsuite> <!-- pagelayer.Example1 -->
